
> hb-intel@ pcc:e2e:live /Users/bobbyfetting/hb-intel
> playwright test --config=playwright.pcc-live.config.ts


Running 75 tests using 1 worker

  ✓   1 [chromium] › e2e/pcc-live/pcc-evidence.registry.spec.ts:51:5 › registry contains exactly 80 required EV records (3ms)
  ✓   2 [chromium] › e2e/pcc-live/pcc-evidence.registry.spec.ts:56:5 › registry contains required IDs with no duplicates or unexpected IDs (1ms)
  ✓   3 [chromium] › e2e/pcc-live/pcc-evidence.registry.spec.ts:62:5 › every record includes required metadata fields (77ms)
  ✓   4 [chromium] › e2e/pcc-live/pcc-evidence.registry.spec.ts:74:5 › no record defaults to captured and EV-52..EV-58 are not captured (10ms)
  ✓   5 [chromium] › e2e/pcc-live/pcc-evidence.registry.spec.ts:83:5 › coverage helper reports no missing, duplicate, or unexpected IDs for canonical registry (1ms)
  ✓   6 [chromium] › e2e/pcc-live/pcc-evidence.registry.spec.ts:93:5 › manifest creator includes all EV IDs and traceability disclaimer (0ms)
  ✓   7 [chromium] › e2e/pcc-live/pcc-evidence.registry.spec.ts:104:5 › manifest writer keeps curated artifact paths and excludes raw/sensitive artifacts (8ms)
  ✓   8 [chromium] › e2e/pcc-live/pcc-live.accessibility.spec.ts:21:5 › Accessibility EV tuple is valid (1ms)
  ✓   9 [chromium] › e2e/pcc-live/pcc-live.accessibility.spec.ts:36:5 › Accessibility writer preserves sanitized output policy (15ms)
  ✓  10 [chromium] › e2e/pcc-live/pcc-live.accessibility.spec.ts:217:5 › Accessibility capture helpers preserve synthetic DOM boundaries (403ms)
  ✓  11 [chromium] › e2e/pcc-live/pcc-live.accessibility.spec.ts:255:5 › Axe summary strips raw DOM HTML (1ms)
  ✓  12 [chromium] › e2e/pcc-live/pcc-live.accessibility.spec.ts:287:5 › Live accessibility capture self-skips without live env (18.5s)
  ✓  13 [chromium] › e2e/pcc-live/pcc-live.breakpoint.spec.ts:26:5 › Breakpoint EV tuple and viewport matrix are valid (4ms)
  ✓  14 [chromium] › e2e/pcc-live/pcc-live.breakpoint.spec.ts:58:5 › Breakpoint writer preserves sanitized output policy (12ms)
  ✓  15 [chromium] › e2e/pcc-live/pcc-live.breakpoint.spec.ts:217:5 › Breakpoint capture helpers preserve measurement boundaries (109ms)
  ✓  16 [chromium] › e2e/pcc-live/pcc-live.breakpoint.spec.ts:256:5 › Live breakpoint capture self-skips without live env (26.2s)
  ✓  17 [chromium] › e2e/pcc-live/pcc-live.conditional.spec.ts:17:5 › Conditional EV tuple is valid (3ms)
  ✓  18 [chromium] › e2e/pcc-live/pcc-live.conditional.spec.ts:50:5 › Conditional writer preserves sanitized output policy (20ms)
  ✓  19 [chromium] › e2e/pcc-live/pcc-live.conditional.spec.ts:206:5 › Conditional capture helper records operator-pending when conditional disabled (86ms)
  ✓  20 [chromium] › e2e/pcc-live/pcc-live.conditional.spec.ts:254:5 › Synthetic high-zoom / short-height / drawer / special-state boundaries (112ms)
  ✓  21 [chromium] › e2e/pcc-live/pcc-live.conditional.spec.ts:319:5 › Unauthorized lane synthetic/not-configured behavior (112ms)
  ✓  22 [chromium] › e2e/pcc-live/pcc-live.conditional.spec.ts:375:5 › Live conditional capture self-skips or operator-pending without conditional env (74ms)
  ✓  23 [chromium] › e2e/pcc-live/pcc-live.content.spec.ts:18:5 › Content-language EV tuple is valid (5ms)
  ✓  24 [chromium] › e2e/pcc-live/pcc-live.content.spec.ts:30:5 › Content writer preserves sanitized output policy (24ms)
  ✓  25 [chromium] › e2e/pcc-live/pcc-live.content.spec.ts:169:5 › Synthetic visible-copy extraction covers required copy kinds (95ms)
  ✓  26 [chromium] › e2e/pcc-live/pcc-live.content.spec.ts:276:5 › Synthetic review templates include required sections (7ms)
  ✓  27 [chromium] › e2e/pcc-live/pcc-live.content.spec.ts:321:5 › Content capture does not click or mutate (84ms)
  ✓  28 [chromium] › e2e/pcc-live/pcc-live.content.spec.ts:366:5 › Live content capture self-skips without live env (8.4s)
  ✓  29 [chromium] › e2e/pcc-live/pcc-live.doctrine-source.spec.ts:126:5 › Doctrine/source EV tuple is valid (4ms)
  ✓  30 [chromium] › e2e/pcc-live/pcc-live.doctrine-source.spec.ts:144:5 › Governing document verification detects required docs (114ms)
  ✓  31 [chromium] › e2e/pcc-live/pcc-live.doctrine-source.spec.ts:176:5 › Source index is bounded and metadata-only (3.7s)
  ✓  32 [chromium] › e2e/pcc-live/pcc-live.doctrine-source.spec.ts:213:5 › Writer produces all expected artifacts with sanitized output (115ms)
  ✓  33 [chromium] › e2e/pcc-live/pcc-live.doctrine-source.spec.ts:266:5 › Doctrine categories and Mold Breaker themes are complete (80ms)
  ✓  34 [chromium] › e2e/pcc-live/pcc-live.doctrine-source.spec.ts:302:5 › Package version proof is review-support only (38ms)
  ✓  35 [chromium] › e2e/pcc-live/pcc-live.doctrine-source.spec.ts:320:5 › Real repo source/doc audit can write outputs to temp directory (205ms)
  ✓  36 [chromium] › e2e/pcc-live/pcc-live.runtime.spec.ts:32:5 › PCC live environment is configured or self-skips clearly (0ms)
  ✓  37 [chromium] › e2e/pcc-live/pcc-live.runtime.spec.ts:43:5 › PCC hosted page loads with Project Control Center root markers (5.6s)
  -  38 [chromium] › e2e/pcc-live/pcc-live.runtime.spec.ts:94:5 › PCC navigation/tab markers are present when hosted web part is installed
  ✓  39 [chromium] › e2e/pcc-live/pcc-live.scorecard-report.spec.ts:65:5 › Report type / coverage assembly (3ms)
  ✓  40 [chromium] › e2e/pcc-live/pcc-live.scorecard-report.spec.ts:75:5 › Pillar and hard-stop worksheets (9ms)
  ✓  41 [chromium] › e2e/pcc-live/pcc-live.scorecard-report.spec.ts:90:5 › Synthetic full report assembly (1ms)
  ✓  42 [chromium] › e2e/pcc-live/pcc-live.scorecard-report.spec.ts:109:5 › Missing source handling (1ms)
  ✓  43 [chromium] › e2e/pcc-live/pcc-live.scorecard-report.spec.ts:116:5 › Writer artifact completeness (8ms)
  ✓  44 [chromium] › e2e/pcc-live/pcc-live.scorecard-report.spec.ts:133:5 › Sanitization and forbidden claim lockdown (74ms)
  ✓  45 [chromium] › e2e/pcc-live/pcc-live.scorecard-report.spec.ts:174:5 › No automatic scoring (5ms)
  ✓  46 [chromium] › e2e/pcc-live/pcc-live.scorecard-report.spec.ts:190:5 › Regression compatibility (1ms)
  ✓  47 [chromium] › e2e/pcc-live/pcc-live.screenshot.spec.ts:31:5 › Screenshot evidence EV tuple is valid (3ms)
  ✓  48 [chromium] › e2e/pcc-live/pcc-live.screenshot.spec.ts:48:5 › Screenshot writer preserves sanitized output policy (9ms)
  ✓  49 [chromium] › e2e/pcc-live/pcc-live.screenshot.spec.ts:182:5 › DOM card summary sanitizer trims unsafe heading text (1ms)
  ✓  50 [chromium] › e2e/pcc-live/pcc-live.screenshot.spec.ts:197:5 › Screenshot capture self-skips without live env (10.4s)
  ✓  51 [chromium] › e2e/pcc-live/pcc-live.surface-blocks.spec.ts:100:5 › EV tuple and fixed mapping validity (3ms)
  ✓  52 [chromium] › e2e/pcc-live/pcc-live.surface-blocks.spec.ts:185:5 › Synthetic full block assembly (21ms)
  ✓  53 [chromium] › e2e/pcc-live/pcc-live.surface-blocks.spec.ts:290:5 › Missing source handling (3ms)
  ✓  54 [chromium] › e2e/pcc-live/pcc-live.surface-blocks.spec.ts:302:5 › Writer artifact completeness (9ms)
  ✓  55 [chromium] › e2e/pcc-live/pcc-live.surface-blocks.spec.ts:323:5 › Sanitization and EV scope lockdown (141ms)
  ✓  56 [chromium] › e2e/pcc-live/pcc-live.surface-blocks.spec.ts:378:5 › Surface coverage and primitive/cross-surface completeness (3ms)
  ✓  57 [chromium] › e2e/pcc-live/pcc-live.surface-smoke.spec.ts:10:5 › PCC live surface registry is complete and selector-safe (3ms)
  ✓  58 [chromium] › e2e/pcc-live/pcc-live.surface-smoke.spec.ts:23:5 › PCC hosted runtime exposes root shell markers (5.7s)
  ✓  59 [chromium] › e2e/pcc-live/pcc-live.surface-smoke.spec.ts:37:5 › PCC hosted runtime navigates all eight surfaces through safe tabs (6.2s)
  ✓  60 [chromium] › e2e/pcc-live/pcc-live.surface-smoke.spec.ts:78:5 › PCC smoke evidence writer preserves sanitized output policy (6ms)
  ✓  61 [chromium] › e2e/pcc-live/pcc-live.workflow.spec.ts:16:5 › Workflow EV tuple is valid (3ms)
  ✓  62 [chromium] › e2e/pcc-live/pcc-live.workflow.spec.ts:31:5 › Workflow writer preserves sanitized output policy (18ms)
  ✓  63 [chromium] › e2e/pcc-live/pcc-live.workflow.spec.ts:224:5 › Workflow capture helpers preserve synthetic DOM boundaries (170ms)
  ✓  64 [chromium] › e2e/pcc-live/pcc-live.workflow.spec.ts:339:5 › Live workflow capture self-skips without live env (16.1s)
  ✓  65 [chromium] › e2e/pcc-live/pcc-scorecard.traceability.spec.ts:21:5 › pillar model has exact IDs, required metadata, and total weight 100 (6ms)
  ✓  66 [chromium] › e2e/pcc-live/pcc-scorecard.traceability.spec.ts:35:5 › hard-stop model has exact IDs and blocking/manual-review posture (8ms)
  ✓  67 [chromium] › e2e/pcc-live/pcc-scorecard.traceability.spec.ts:49:5 › pillar and hard-stop evidence maps include all keys with at least one EV (2ms)
  ✓  68 [chromium] › e2e/pcc-live/pcc-scorecard.traceability.spec.ts:65:5 › evidence-to-scorecard map includes all 80 EV IDs with known refs only (52ms)
  ✓  69 [chromium] › e2e/pcc-live/pcc-scorecard.traceability.spec.ts:82:5 › worksheets are manual-only placeholders and do not default to score or pass/fail (9ms)
  ✓  70 [chromium] › e2e/pcc-live/pcc-scorecard.traceability.spec.ts:103:5 › traceability coverage reports complete coverage for canonical registry (1ms)
  ✓  71 [chromium] › e2e/pcc-live/pcc-scorecard.traceability.spec.ts:116:5 › coverage flags unknown pillar refs in malformed records (0ms)
  ✓  72 [chromium] › e2e/pcc-live/pcc-scorecard.traceability.spec.ts:129:5 › coverage flags unknown hard-stop refs in malformed records (0ms)
  ✓  73 [chromium] › e2e/pcc-live/pcc-scorecard.traceability.spec.ts:142:5 › coverage flags unknown EV IDs in malformed records (0ms)
  ✓  74 [chromium] › e2e/pcc-live/pcc-scorecard.traceability.spec.ts:155:5 › coverage flags missing pillar coverage (0ms)
  ✓  75 [chromium] › e2e/pcc-live/pcc-scorecard.traceability.spec.ts:165:5 › coverage flags missing hard-stop coverage (0ms)

  1 skipped
  74 passed (1.8m)
